<?xml version="1.0" encoding="UTF-8"?>
<!-- Generated by org.testng.reporters.JUnitReportReporter -->
<testsuite hostname="Sai" failures="0" tests="1" name="RestAPI.E2ETestcases" time="5.149" errors="0" timestamp="23 Jul 2023 06:38:49 GMT" skipped="0">
  <testcase classname="RestAPI.E2ETestcases" name="test" time="5.149"/>
</testsuite> <!-- RestAPI.E2ETestcases -->
